2024-10-31T11:12:36.605-05:00  INFO 22256 --- [movimientos] [restartedMain] c.p.c.m.MovimientosApplication           : Starting MovimientosApplication using Java 17.0.10 with PID 22256 (C:\Users\Steven Romero\Documents\workspace-spring-tool-suite-4-4.5.1.RELEASE\movimientos\target\classes started by Steven Romero in C:\Users\Steven Romero\Documents\workspace-spring-tool-suite-4-4.5.1.RELEASE\movimientos)
2024-10-31T11:12:36.610-05:00 DEBUG 22256 --- [movimientos] [restartedMain] c.p.c.m.MovimientosApplication           : Running with Spring Boot v3.3.4, Spring v6.1.13
2024-10-31T11:12:36.612-05:00  INFO 22256 --- [movimientos] [restartedMain] c.p.c.m.MovimientosApplication           : No active profile set, falling back to 1 default profile: "default"
2024-10-31T11:12:36.722-05:00  INFO 22256 --- [movimientos] [restartedMain] .e.DevToolsPropertyDefaultsPostProcessor : Devtools property defaults active! Set 'spring.devtools.add-properties' to 'false' to disable
2024-10-31T11:12:36.723-05:00  INFO 22256 --- [movimientos] [restartedMain] .e.DevToolsPropertyDefaultsPostProcessor : For additional web related logging consider setting the 'logging.level.web' property to 'DEBUG'
2024-10-31T11:12:38.485-05:00  INFO 22256 --- [movimientos] [restartedMain] .s.d.r.c.RepositoryConfigurationDelegate : Bootstrapping Spring Data JPA repositories in DEFAULT mode.
2024-10-31T11:12:38.626-05:00  INFO 22256 --- [movimientos] [restartedMain] .s.d.r.c.RepositoryConfigurationDelegate : Finished Spring Data repository scanning in 124 ms. Found 2 JPA repository interfaces.
2024-10-31T11:12:40.066-05:00  INFO 22256 --- [movimientos] [restartedMain] o.s.b.w.embedded.tomcat.TomcatWebServer  : Tomcat initialized with port 8083 (http)
2024-10-31T11:12:40.098-05:00  INFO 22256 --- [movimientos] [restartedMain] o.apache.catalina.core.StandardService   : Starting service [Tomcat]
2024-10-31T11:12:40.098-05:00  INFO 22256 --- [movimientos] [restartedMain] o.apache.catalina.core.StandardEngine    : Starting Servlet engine: [Apache Tomcat/10.1.30]
2024-10-31T11:12:40.208-05:00  INFO 22256 --- [movimientos] [restartedMain] o.a.c.c.C.[Tomcat].[localhost].[/]       : Initializing Spring embedded WebApplicationContext
2024-10-31T11:12:40.209-05:00  INFO 22256 --- [movimientos] [restartedMain] w.s.c.ServletWebServerApplicationContext : Root WebApplicationContext: initialization completed in 3485 ms
2024-10-31T11:12:40.507-05:00  INFO 22256 --- [movimientos] [restartedMain] com.zaxxer.hikari.HikariDataSource       : HikariPool-1 - Starting...
2024-10-31T11:12:40.788-05:00  INFO 22256 --- [movimientos] [restartedMain] com.zaxxer.hikari.pool.HikariPool        : HikariPool-1 - Added connection org.postgresql.jdbc.PgConnection@2e98e30d
2024-10-31T11:12:40.792-05:00  INFO 22256 --- [movimientos] [restartedMain] com.zaxxer.hikari.HikariDataSource       : HikariPool-1 - Start completed.
2024-10-31T11:12:40.865-05:00  INFO 22256 --- [movimientos] [restartedMain] o.hibernate.jpa.internal.util.LogHelper  : HHH000204: Processing PersistenceUnitInfo [name: default]
2024-10-31T11:12:41.016-05:00  INFO 22256 --- [movimientos] [restartedMain] org.hibernate.Version                    : HHH000412: Hibernate ORM core version 6.5.3.Final
2024-10-31T11:12:41.121-05:00  INFO 22256 --- [movimientos] [restartedMain] o.h.c.internal.RegionFactoryInitiator    : HHH000026: Second-level cache disabled
2024-10-31T11:12:42.151-05:00  INFO 22256 --- [movimientos] [restartedMain] o.s.o.j.p.SpringPersistenceUnitInfo      : No LoadTimeWeaver setup: ignoring JPA class transformer
2024-10-31T11:12:44.324-05:00  INFO 22256 --- [movimientos] [restartedMain] o.h.e.t.j.p.i.JtaPlatformInitiator       : HHH000489: No JTA platform available (set 'hibernate.transaction.jta.platform' to enable JTA platform integration)
2024-10-31T11:12:44.331-05:00  INFO 22256 --- [movimientos] [restartedMain] j.LocalContainerEntityManagerFactoryBean : Initialized JPA EntityManagerFactory for persistence unit 'default'
2024-10-31T11:12:44.870-05:00  INFO 22256 --- [movimientos] [restartedMain] o.s.d.j.r.query.QueryEnhancerFactory     : Hibernate is in classpath; If applicable, HQL parser will be used.
2024-10-31T11:12:45.483-05:00  WARN 22256 --- [movimientos] [restartedMain] JpaBaseConfiguration$JpaWebConfiguration : spring.jpa.open-in-view is enabled by default. Therefore, database queries may be performed during view rendering. Explicitly configure spring.jpa.open-in-view to disable this warning
2024-10-31T11:12:46.349-05:00  WARN 22256 --- [movimientos] [restartedMain] o.s.b.d.a.OptionalLiveReloadServer       : Unable to start LiveReload server
2024-10-31T11:12:46.500-05:00  INFO 22256 --- [movimientos] [restartedMain] o.s.b.w.embedded.tomcat.TomcatWebServer  : Tomcat started on port 8083 (http) with context path '/'
2024-10-31T11:12:46.521-05:00  INFO 22256 --- [movimientos] [restartedMain] c.p.c.m.MovimientosApplication           : Started MovimientosApplication in 10.816 seconds (process running for 12.436)
2024-10-31T11:12:56.042-05:00  INFO 22256 --- [movimientos] [http-nio-8083-exec-3] o.a.c.c.C.[Tomcat].[localhost].[/]       : Initializing Spring DispatcherServlet 'dispatcherServlet'
2024-10-31T11:12:56.043-05:00  INFO 22256 --- [movimientos] [http-nio-8083-exec-3] o.s.web.servlet.DispatcherServlet        : Initializing Servlet 'dispatcherServlet'
2024-10-31T11:12:56.044-05:00  INFO 22256 --- [movimientos] [http-nio-8083-exec-3] o.s.web.servlet.DispatcherServlet        : Completed initialization in 1 ms
2024-10-31T11:12:56.597-05:00  INFO 22256 --- [movimientos] [http-nio-8083-exec-3] o.s.a.r.c.CachingConnectionFactory       : Attempting to connect to: [localhost:5672]
2024-10-31T11:12:56.733-05:00  INFO 22256 --- [movimientos] [http-nio-8083-exec-3] o.s.a.r.c.CachingConnectionFactory       : Created new connection: rabbitConnectionFactory#4c35ceac:0/SimpleConnection@39d1123e [delegate=amqp://guest@127.0.0.1:5672/, localPort=55440]
2024-10-31T11:12:56.740-05:00 DEBUG 22256 --- [movimientos] [http-nio-8083-exec-3] o.s.amqp.rabbit.core.RabbitAdmin         : Initializing declarations
2024-10-31T11:12:56.761-05:00 DEBUG 22256 --- [movimientos] [http-nio-8083-exec-3] o.s.a.r.c.CachingConnectionFactory       : Creating cached Rabbit Channel from AMQChannel(amqp://guest@127.0.0.1:5672/,1)
2024-10-31T11:12:56.777-05:00 DEBUG 22256 --- [movimientos] [http-nio-8083-exec-3] o.s.amqp.rabbit.core.RabbitTemplate      : Executing callback RabbitAdmin$$Lambda$1705/0x00000156b29fe308 on RabbitMQ Channel: Cached Rabbit Channel: AMQChannel(amqp://guest@127.0.0.1:5672/,1), conn: Proxy@59741084 Shared Rabbit Connection: SimpleConnection@39d1123e [delegate=amqp://guest@127.0.0.1:5672/, localPort=55440]
2024-10-31T11:12:56.777-05:00 DEBUG 22256 --- [movimientos] [http-nio-8083-exec-3] o.s.amqp.rabbit.core.RabbitAdmin         : declaring Exchange 'movimientoExchange'
2024-10-31T11:12:56.791-05:00 DEBUG 22256 --- [movimientos] [http-nio-8083-exec-3] o.s.amqp.rabbit.core.RabbitAdmin         : declaring Queue 'movimientoQueue'
2024-10-31T11:12:56.796-05:00 DEBUG 22256 --- [movimientos] [http-nio-8083-exec-3] o.s.amqp.rabbit.core.RabbitAdmin         : Binding destination [movimientoQueue (QUEUE)] to exchange [movimientoExchange] with routing key [movimiento.creado]
2024-10-31T11:12:56.811-05:00 DEBUG 22256 --- [movimientos] [http-nio-8083-exec-3] o.s.amqp.rabbit.core.RabbitAdmin         : Declarations finished
2024-10-31T11:12:56.811-05:00 DEBUG 22256 --- [movimientos] [http-nio-8083-exec-3] o.s.amqp.rabbit.core.RabbitTemplate      : Executing callback RabbitTemplate$$Lambda$1696/0x00000156b29dd220 on RabbitMQ Channel: Cached Rabbit Channel: AMQChannel(amqp://guest@127.0.0.1:5672/,1), conn: Proxy@59741084 Shared Rabbit Connection: SimpleConnection@39d1123e [delegate=amqp://guest@127.0.0.1:5672/, localPort=55440]
2024-10-31T11:12:56.834-05:00 DEBUG 22256 --- [movimientos] [http-nio-8083-exec-3] o.s.amqp.rabbit.core.RabbitTemplate      : Publishing message [(Body:'[B@77d5bd30(byte[133])' MessageProperties [headers={__TypeId__=com.prueba.cuenta.movimientos.config.MovimientoRegistradoEvent}, contentType=application/json, contentEncoding=UTF-8, contentLength=133, deliveryMode=PERSISTENT, priority=0, deliveryTag=0])] on exchange [movimientoExchange], routingKey = [movimiento.creado]
